01:55:32 PM: DEBUG [cursor_del_pool.py:8 Se crea el objeto conexiï¿½n]
01:55:32 PM: DEBUG [cursor_del_pool.py:19 Inicio del mï¿½todo with __enter__]
01:55:32 PM: DEBUG [conexion.py:38 Creaciï¿½n del pool exitoso. <psycopg2.pool.SimpleConnectionPool object at 0x0000011EA197E710>]
01:55:32 PM: DEBUG [conexion.py:52 Conexion obtenida del pool: <connection object at 0x0000011EA37318B0; dsn: 'user=postgres password=xxx dbname=test_db host=127.0.0.1 port=5432', closed: 0>]
01:55:32 PM: DEBUG [cursor_del_pool.py:22 Cursor del objeto creado.]
01:55:32 PM: DEBUG [usuario_dao.py:18 Seleccionando usuarios: ]
01:55:32 PM: DEBUG [cursor_del_pool.py:32 Se ejecuta mï¿½todo __exit__]
01:55:32 PM: DEBUG [cursor_del_pool.py:39 Commit de la transacciï¿½n con ï¿½xito.]
01:55:32 PM: DEBUG [cursor_del_pool.py:42 Cerramos el cursor del objeto.]
01:55:32 PM: DEBUG [conexion.py:58 Regresamos la conexion al pool: <connection object at 0x0000011EA37318B0; dsn: 'user=postgres password=xxx dbname=test_db host=127.0.0.1 port=5432', closed: 0>]
01:55:32 PM: INFO [menu_app_usuario.py:20 [[...], [...]]]
01:55:32 PM: INFO [menu_app_usuario.py:20 [[...], [...]]]
01:57:03 PM: DEBUG [cursor_del_pool.py:8 Se crea el objeto conexiï¿½n]
01:57:03 PM: DEBUG [cursor_del_pool.py:19 Inicio del mï¿½todo with __enter__]
01:57:03 PM: DEBUG [conexion.py:38 Creaciï¿½n del pool exitoso. <psycopg2.pool.SimpleConnectionPool object at 0x0000027AD980E690>]
01:57:03 PM: DEBUG [conexion.py:52 Conexion obtenida del pool: <connection object at 0x0000027AD9C05140; dsn: 'user=postgres password=xxx dbname=test_db host=127.0.0.1 port=5432', closed: 0>]
01:57:03 PM: DEBUG [cursor_del_pool.py:22 Cursor del objeto creado.]
01:57:03 PM: DEBUG [usuario_dao.py:18 Seleccionando usuarios: ]
01:57:03 PM: DEBUG [cursor_del_pool.py:32 Se ejecuta mï¿½todo __exit__]
01:57:03 PM: DEBUG [cursor_del_pool.py:39 Commit de la transacciï¿½n con ï¿½xito.]
01:57:03 PM: DEBUG [cursor_del_pool.py:42 Cerramos el cursor del objeto.]
01:57:03 PM: DEBUG [conexion.py:58 Regresamos la conexion al pool: <connection object at 0x0000027AD9C05140; dsn: 'user=postgres password=xxx dbname=test_db host=127.0.0.1 port=5432', closed: 0>]
01:57:03 PM: DEBUG [menu_app_usuario.py:20 [[...], [...]]]
01:57:03 PM: DEBUG [menu_app_usuario.py:20 [[...], [...]]]
01:59:23 PM: DEBUG [cursor_del_pool.py:8 Se crea el objeto conexiï¿½n]
01:59:23 PM: DEBUG [cursor_del_pool.py:19 Inicio del mï¿½todo with __enter__]
01:59:23 PM: DEBUG [conexion.py:38 Creaciï¿½n del pool exitoso. <psycopg2.pool.SimpleConnectionPool object at 0x000001CE6DE6E690>]
01:59:23 PM: DEBUG [conexion.py:52 Conexion obtenida del pool: <connection object at 0x000001CE6E265140; dsn: 'user=postgres password=xxx dbname=test_db host=127.0.0.1 port=5432', closed: 0>]
01:59:23 PM: DEBUG [cursor_del_pool.py:22 Cursor del objeto creado.]
01:59:23 PM: DEBUG [usuario_dao.py:18 Seleccionando usuarios: ]
01:59:23 PM: DEBUG [cursor_del_pool.py:32 Se ejecuta mï¿½todo __exit__]
01:59:23 PM: DEBUG [cursor_del_pool.py:39 Commit de la transacciï¿½n con ï¿½xito.]
01:59:23 PM: DEBUG [cursor_del_pool.py:42 Cerramos el cursor del objeto.]
01:59:23 PM: DEBUG [conexion.py:58 Regresamos la conexion al pool: <connection object at 0x000001CE6E265140; dsn: 'user=postgres password=xxx dbname=test_db host=127.0.0.1 port=5432', closed: 0>]
01:59:23 PM: INFO [menu_app_usuario.py:20 [[...], [...]]]
01:59:23 PM: INFO [menu_app_usuario.py:20 [[...], [...]]]
02:03:21 PM: INFO [menu_app_usuario.py:21 [[...], [...]]]
02:03:21 PM: INFO [menu_app_usuario.py:21 [[...], [...]]]
02:04:07 PM: INFO [menu_app_usuario.py:31 Salimos de la aplicaciï¿½n...]
02:11:55 PM: INFO [menu_app_usuario.py:28 Usuarios insertado: 1]
02:12:00 PM: INFO [menu_app_usuario.py:21 [[...], [...], [...]]]
02:12:00 PM: INFO [menu_app_usuario.py:21 [[...], [...], [...]]]
02:12:00 PM: INFO [menu_app_usuario.py:21 [[...], [...], [...]]]
02:15:43 PM: INFO [menu_app_usuario.py:21 [[...], [...], [...]]]
02:15:43 PM: INFO [menu_app_usuario.py:21 [[...], [...], [...]]]
02:15:43 PM: INFO [menu_app_usuario.py:21 [[...], [...], [...]]]
02:16:52 PM: INFO [menu_app_usuario.py:21 [[...], [...], [...]]]
02:16:52 PM: INFO [menu_app_usuario.py:21 [[...], [...], [...]]]
02:16:52 PM: INFO [menu_app_usuario.py:21 [[...], [...], [...]]]
02:27:47 PM: INFO [menu_app_usuario.py:21 [[...], [...], [...]]]
02:27:47 PM: INFO [menu_app_usuario.py:21 [[...], [...], [...]]]
02:27:47 PM: INFO [menu_app_usuario.py:21 [[...], [...], [...]]]
02:28:29 PM: INFO [menu_app_usuario.py:22 [[...], [...], [...]]]
02:28:29 PM: INFO [menu_app_usuario.py:22 [[...], [...], [...]]]
02:28:29 PM: INFO [menu_app_usuario.py:22 [[...], [...], [...]]]
04:06:21 PM: INFO [menu_app_usuario.py:22 [[...], [...], [...]]]
04:06:21 PM: INFO [menu_app_usuario.py:22 [[...], [...], [...]]]
04:06:21 PM: INFO [menu_app_usuario.py:22 [[...], [...], [...]]]
04:07:27 PM: DEBUG [conexion.py:38 Creación del pool exitoso. <psycopg2.pool.SimpleConnectionPool object at 0x000001C4AC1123D0>]
04:07:27 PM: DEBUG [conexion.py:52 Conexion obtenida del pool: <connection object at 0x000001C4AC051690; dsn: 'user=postgres password=xxx dbname=test_db host=127.0.0.1 port=5432', closed: 0>]
04:07:27 PM: DEBUG [conexion.py:58 Regresamos la conexion al pool: <connection object at 0x000001C4AC051690; dsn: 'user=postgres password=xxx dbname=test_db host=127.0.0.1 port=5432', closed: 0>]
04:07:27 PM: DEBUG [conexion.py:52 Conexion obtenida del pool: <connection object at 0x000001C4AC051690; dsn: 'user=postgres password=xxx dbname=test_db host=127.0.0.1 port=5432', closed: 0>]
04:10:06 PM: DEBUG [cursor_del_pool.py:8 Se crea el objeto conexión]
04:10:06 PM: DEBUG [cursor_del_pool.py:19 Inicio del método with __enter__]
04:10:06 PM: DEBUG [conexion.py:38 Creación del pool exitoso. <psycopg2.pool.SimpleConnectionPool object at 0x0000025119944CD0>]
04:10:06 PM: DEBUG [conexion.py:52 Conexion obtenida del pool: <connection object at 0x0000025119D59030; dsn: 'user=postgres password=xxx dbname=test_db host=127.0.0.1 port=5432', closed: 0>]
04:10:06 PM: DEBUG [cursor_del_pool.py:22 Cursor del objeto creado.]
04:10:06 PM: DEBUG [usuario_dao.py:19 Seleccionando usuarios: ]
04:10:06 PM: DEBUG [cursor_del_pool.py:32 Se ejecuta método __exit__]
04:10:06 PM: DEBUG [cursor_del_pool.py:39 Commit de la transacción con éxito.]
04:10:06 PM: DEBUG [cursor_del_pool.py:42 Cerramos el cursor del objeto.]
04:10:06 PM: DEBUG [conexion.py:58 Regresamos la conexion al pool: <connection object at 0x0000025119D59030; dsn: 'user=postgres password=xxx dbname=test_db host=127.0.0.1 port=5432', closed: 0>]
04:10:17 PM: DEBUG [cursor_del_pool.py:8 Se crea el objeto conexión]
04:10:17 PM: DEBUG [cursor_del_pool.py:19 Inicio del método with __enter__]
04:10:17 PM: DEBUG [conexion.py:38 Creación del pool exitoso. <psycopg2.pool.SimpleConnectionPool object at 0x0000025544314CD0>]
04:10:17 PM: DEBUG [conexion.py:52 Conexion obtenida del pool: <connection object at 0x0000025544729030; dsn: 'user=postgres password=xxx dbname=test_db host=127.0.0.1 port=5432', closed: 0>]
04:10:17 PM: DEBUG [cursor_del_pool.py:22 Cursor del objeto creado.]
04:10:17 PM: DEBUG [usuario_dao.py:19 Seleccionando usuarios: ]
04:10:17 PM: DEBUG [cursor_del_pool.py:32 Se ejecuta método __exit__]
04:10:17 PM: DEBUG [cursor_del_pool.py:39 Commit de la transacción con éxito.]
04:10:17 PM: DEBUG [cursor_del_pool.py:42 Cerramos el cursor del objeto.]
04:10:17 PM: DEBUG [conexion.py:58 Regresamos la conexion al pool: <connection object at 0x0000025544729030; dsn: 'user=postgres password=xxx dbname=test_db host=127.0.0.1 port=5432', closed: 0>]
04:18:38 PM: DEBUG [cursor_del_pool.py:8 Se crea el objeto conexión]
04:18:38 PM: DEBUG [cursor_del_pool.py:19 Inicio del método with __enter__]
04:18:38 PM: DEBUG [conexion.py:38 Creación del pool exitoso. <psycopg2.pool.SimpleConnectionPool object at 0x000001C86490A5D0>]
04:18:38 PM: DEBUG [conexion.py:52 Conexion obtenida del pool: <connection object at 0x000001C862E59030; dsn: 'user=postgres password=xxx dbname=test_db host=127.0.0.1 port=5432', closed: 0>]
04:18:38 PM: DEBUG [cursor_del_pool.py:22 Cursor del objeto creado.]
04:18:38 PM: DEBUG [cursor_del_pool.py:49 Dentro del bloque 'with.']
04:18:38 PM: DEBUG [cursor_del_pool.py:51 [(37, 'Estefania', 'Janer', 'EstefaniaJaner@hotmail.com')]]
04:18:38 PM: DEBUG [cursor_del_pool.py:32 Se ejecuta método __exit__]
04:18:38 PM: DEBUG [cursor_del_pool.py:39 Commit de la transacción con éxito.]
04:18:38 PM: DEBUG [cursor_del_pool.py:42 Cerramos el cursor del objeto.]
04:18:38 PM: DEBUG [conexion.py:58 Regresamos la conexion al pool: <connection object at 0x000001C862E59030; dsn: 'user=postgres password=xxx dbname=test_db host=127.0.0.1 port=5432', closed: 0>]
04:19:15 PM: DEBUG [cursor_del_pool.py:8 Se crea el objeto conexión]
04:19:15 PM: DEBUG [cursor_del_pool.py:19 Inicio del método with __enter__]
04:19:15 PM: DEBUG [conexion.py:38 Creación del pool exitoso. <psycopg2.pool.SimpleConnectionPool object at 0x000001C148AB4D90>]
04:19:15 PM: DEBUG [conexion.py:52 Conexion obtenida del pool: <connection object at 0x000001C149089030; dsn: 'user=postgres password=xxx dbname=test_db host=127.0.0.1 port=5432', closed: 0>]
04:19:15 PM: DEBUG [cursor_del_pool.py:22 Cursor del objeto creado.]
04:19:15 PM: DEBUG [cursor_del_pool.py:49 Dentro del bloque 'with.']
04:19:15 PM: DEBUG [cursor_del_pool.py:51 [(1, 'Jaimejaner\n', '1234'), (2, 'acevedo\n', '1234'), (3, 'Jaimito', '1234')]]
04:19:15 PM: DEBUG [cursor_del_pool.py:32 Se ejecuta método __exit__]
04:19:15 PM: DEBUG [cursor_del_pool.py:39 Commit de la transacción con éxito.]
04:19:15 PM: DEBUG [cursor_del_pool.py:42 Cerramos el cursor del objeto.]
04:19:15 PM: DEBUG [conexion.py:58 Regresamos la conexion al pool: <connection object at 0x000001C149089030; dsn: 'user=postgres password=xxx dbname=test_db host=127.0.0.1 port=5432', closed: 0>]
04:20:38 PM: DEBUG [cursor_del_pool.py:8 Se crea el objeto conexión]
04:20:38 PM: DEBUG [cursor_del_pool.py:19 Inicio del método with __enter__]
04:20:38 PM: DEBUG [conexion.py:38 Creación del pool exitoso. <psycopg2.pool.SimpleConnectionPool object at 0x000002193BD6E9D0>]
04:20:38 PM: DEBUG [conexion.py:52 Conexion obtenida del pool: <connection object at 0x000002193DB7D9C0; dsn: 'user=postgres password=xxx dbname=test_db host=127.0.0.1 port=5432', closed: 0>]
04:20:38 PM: DEBUG [cursor_del_pool.py:22 Cursor del objeto creado.]
04:20:38 PM: DEBUG [usuario_dao.py:19 Seleccionando usuarios: ]
04:20:38 PM: DEBUG [cursor_del_pool.py:32 Se ejecuta método __exit__]
04:20:38 PM: DEBUG [cursor_del_pool.py:39 Commit de la transacción con éxito.]
04:20:38 PM: DEBUG [cursor_del_pool.py:42 Cerramos el cursor del objeto.]
04:20:38 PM: DEBUG [conexion.py:58 Regresamos la conexion al pool: <connection object at 0x000002193DB7D9C0; dsn: 'user=postgres password=xxx dbname=test_db host=127.0.0.1 port=5432', closed: 0>]
04:20:38 PM: INFO [menu_app_usuario.py:22 [[...], [...], [...]]]
04:20:38 PM: INFO [menu_app_usuario.py:22 [[...], [...], [...]]]
04:20:38 PM: INFO [menu_app_usuario.py:22 [[...], [...], [...]]]
03:51:45 PM: DEBUG [cursor_del_pool.py:8 Se crea el objeto conexión]
03:51:45 PM: DEBUG [cursor_del_pool.py:19 Inicio del método with __enter__]
03:51:45 PM: DEBUG [conexion.py:38 Creación del pool exitoso. <psycopg2.pool.SimpleConnectionPool object at 0x00000198E897EB90>]
03:51:45 PM: DEBUG [conexion.py:52 Conexion obtenida del pool: <connection object at 0x00000198E8D7CF20; dsn: 'user=postgres password=xxx dbname=test_db host=127.0.0.1 port=5432', closed: 0>]
03:51:45 PM: DEBUG [cursor_del_pool.py:22 Cursor del objeto creado.]
03:51:45 PM: DEBUG [usuario_dao.py:19 Seleccionando usuarios: ]
03:51:46 PM: DEBUG [cursor_del_pool.py:32 Se ejecuta método __exit__]
03:51:46 PM: DEBUG [cursor_del_pool.py:39 Commit de la transacción con éxito.]
03:51:46 PM: DEBUG [cursor_del_pool.py:42 Cerramos el cursor del objeto.]
03:51:46 PM: DEBUG [conexion.py:58 Regresamos la conexion al pool: <connection object at 0x00000198E8D7CF20; dsn: 'user=postgres password=xxx dbname=test_db host=127.0.0.1 port=5432', closed: 0>]
03:51:46 PM: INFO [menu_app_usuario.py:22 [[...], [...], [...]]]
03:51:46 PM: INFO [menu_app_usuario.py:22 [[...], [...], [...]]]
03:51:46 PM: INFO [menu_app_usuario.py:22 [[...], [...], [...]]]
04:02:33 PM: DEBUG [cursor_del_pool.py:8 Se crea el objeto conexión]
04:02:33 PM: DEBUG [cursor_del_pool.py:19 Inicio del método with __enter__]
04:02:33 PM: DEBUG [conexion.py:38 Creación del pool exitoso. <psycopg2.pool.SimpleConnectionPool object at 0x0000014379D2EB10>]
04:02:33 PM: DEBUG [conexion.py:52 Conexion obtenida del pool: <connection object at 0x000001437BAED9C0; dsn: 'user=postgres password=xxx dbname=test_db host=127.0.0.1 port=5432', closed: 0>]
04:02:33 PM: DEBUG [cursor_del_pool.py:22 Cursor del objeto creado.]
04:02:33 PM: DEBUG [usuario_dao.py:19 Seleccionando usuarios: ]
04:02:33 PM: DEBUG [cursor_del_pool.py:32 Se ejecuta método __exit__]
04:02:33 PM: DEBUG [cursor_del_pool.py:39 Commit de la transacción con éxito.]
04:02:33 PM: DEBUG [cursor_del_pool.py:42 Cerramos el cursor del objeto.]
04:02:33 PM: DEBUG [conexion.py:58 Regresamos la conexion al pool: <connection object at 0x000001437BAED9C0; dsn: 'user=postgres password=xxx dbname=test_db host=127.0.0.1 port=5432', closed: 0>]
04:02:33 PM: INFO [menu_app_usuario.py:22 Usuario: 1, Jaimejaner
, 1234]
04:02:33 PM: INFO [menu_app_usuario.py:22 Usuario: 2, acevedo
, 1234]
04:02:33 PM: INFO [menu_app_usuario.py:22 Usuario: 3, Jaimito, 1234]
04:02:59 PM: DEBUG [cursor_del_pool.py:8 Se crea el objeto conexión]
04:02:59 PM: DEBUG [cursor_del_pool.py:19 Inicio del método with __enter__]
04:02:59 PM: DEBUG [conexion.py:52 Conexion obtenida del pool: <connection object at 0x000001437BAED9C0; dsn: 'user=postgres password=xxx dbname=test_db host=127.0.0.1 port=5432', closed: 0>]
04:02:59 PM: DEBUG [cursor_del_pool.py:22 Cursor del objeto creado.]
04:02:59 PM: DEBUG [usuario_dao.py:31 Usuario a insertar: Usuario: None, Jhostar, Kenobi123]
04:02:59 PM: DEBUG [cursor_del_pool.py:32 Se ejecuta método __exit__]
04:02:59 PM: DEBUG [cursor_del_pool.py:39 Commit de la transacción con éxito.]
04:02:59 PM: DEBUG [cursor_del_pool.py:42 Cerramos el cursor del objeto.]
04:02:59 PM: DEBUG [conexion.py:58 Regresamos la conexion al pool: <connection object at 0x000001437BAED9C0; dsn: 'user=postgres password=xxx dbname=test_db host=127.0.0.1 port=5432', closed: 0>]
04:02:59 PM: INFO [menu_app_usuario.py:29 Usuarios insertado: 1]
04:03:04 PM: DEBUG [cursor_del_pool.py:8 Se crea el objeto conexión]
04:03:04 PM: DEBUG [cursor_del_pool.py:19 Inicio del método with __enter__]
04:03:04 PM: DEBUG [conexion.py:52 Conexion obtenida del pool: <connection object at 0x000001437BAED9C0; dsn: 'user=postgres password=xxx dbname=test_db host=127.0.0.1 port=5432', closed: 0>]
04:03:04 PM: DEBUG [cursor_del_pool.py:22 Cursor del objeto creado.]
04:03:04 PM: DEBUG [usuario_dao.py:19 Seleccionando usuarios: ]
04:03:05 PM: DEBUG [cursor_del_pool.py:32 Se ejecuta método __exit__]
04:03:05 PM: DEBUG [cursor_del_pool.py:39 Commit de la transacción con éxito.]
04:03:05 PM: DEBUG [cursor_del_pool.py:42 Cerramos el cursor del objeto.]
04:03:05 PM: DEBUG [conexion.py:58 Regresamos la conexion al pool: <connection object at 0x000001437BAED9C0; dsn: 'user=postgres password=xxx dbname=test_db host=127.0.0.1 port=5432', closed: 0>]
04:03:05 PM: INFO [menu_app_usuario.py:22 Usuario: 1, Jaimejaner
, 1234]
04:03:05 PM: INFO [menu_app_usuario.py:22 Usuario: 2, acevedo
, 1234]
04:03:05 PM: INFO [menu_app_usuario.py:22 Usuario: 3, Jaimito, 1234]
04:03:05 PM: INFO [menu_app_usuario.py:22 Usuario: 4, Jhostar, Kenobi123]
04:03:30 PM: INFO [menu_app_usuario.py:22 Usuario: 1, Jaimejaner
, 1234]
04:03:30 PM: INFO [menu_app_usuario.py:22 Usuario: 2, acevedo
, 1234]
04:03:30 PM: INFO [menu_app_usuario.py:22 Usuario: 3, Jaimito, 1234]
04:03:30 PM: INFO [menu_app_usuario.py:22 Usuario: 4, Jhostar, Kenobi123]
04:04:04 PM: INFO [menu_app_usuario.py:21 Usuario: 1, Jaimejaner
, 1234]
04:04:04 PM: INFO [menu_app_usuario.py:21 Usuario: 2, acevedo
, 1234]
04:04:04 PM: INFO [menu_app_usuario.py:21 Usuario: 3, Jaimito, 1234]
04:04:04 PM: INFO [menu_app_usuario.py:21 Usuario: 4, Jhostar, Kenobi123]
